* using log directory ‘/home/kevin/RcppBiocChecks/mzR.Rcheck’
* using R Under development (unstable) (2014-01-16 r64804)
* using platform: x86_64-unknown-linux-gnu (64-bit)
* using session charset: UTF-8
* using option ‘--no-vignettes’
* checking for file ‘mzR/DESCRIPTION’ ... OK
* checking extension type ... Package
* this is package ‘mzR’ version ‘1.9.3’
* checking package namespace information ... OK
* checking package dependencies ... OK
* checking if this is a source package ... NOTE
Found the following apparent object files/libraries:
  src/win/i386/libnetcdf.a src/win/i386/libz.a src/win/x64/libnetcdf.a
  src/win/x64/libz.a
Object files/libraries should not be included in a source package.
* checking if there is a namespace ... OK
* checking for executable files ... OK
* checking for hidden files and directories ... OK
* checking for portable file names ... OK
* checking for sufficient/correct file permissions ... OK
* checking whether package ‘mzR’ can be installed ... WARNING
Found the following significant warnings:
  /usr/local/lib/R/library/Rcpp/include/Rcpp/iostream/Rostream.h:1:2: warning: #warning is a language extension [-Wpedantic]
See ‘/home/kevin/RcppBiocChecks/mzR.Rcheck/00install.out’ for details.
* checking installed package size ... NOTE
  installed size is 26.6Mb
  sub-directories of 1Mb or more:
    libs  26.2Mb
* checking package directory ... OK
* checking ‘build’ directory ... OK
* checking DESCRIPTION meta-information ... OK
* checking top-level files ... OK
* checking for left-over files ... OK
* checking index information ... OK
* checking package subdirectories ... OK
* checking R files for non-ASCII characters ... OK
* checking R files for syntax errors ... OK
* checking whether the package can be loaded ... OK
* checking whether the package can be loaded with stated dependencies ... OK
* checking whether the package can be unloaded cleanly ... OK
* checking whether the namespace can be loaded with stated dependencies ... OK
* checking whether the namespace can be unloaded cleanly ... OK
* checking loading without being on the library search path ... OK
* checking dependencies in R code ... OK
* checking S3 generic/method consistency ... OK
* checking replacement functions ... OK
* checking foreign function calls ... OK
* checking R code for possible problems ... OK
* checking Rd files ... OK
* checking Rd metadata ... OK
* checking Rd cross-references ... OK
* checking for missing documentation entries ... OK
* checking for code/documentation mismatches ... OK
* checking Rd \usage sections ... OK
* checking Rd contents ... OK
* checking for unstated dependencies in examples ... OK
* checking line endings in C/C++/Fortran sources/headers ... OK
* checking line endings in Makefiles ... OK
* checking compilation flags in Makevars ... OK
* checking for portable use of $(BLAS_LIBS) and $(LAPACK_LIBS) ... OK
* checking compiled code ... NOTE
File ‘/home/kevin/RcppBiocChecks/mzR.Rcheck/mzR/libs/mzR.so’:
  Found ‘printf’, possibly from ‘printf’ (C)
    Object: ‘ramp.o’

Compiled code should not call entry points which might terminate R nor
write to stdout/stderr instead of to the console.

See ‘Writing portable packages’ in the ‘Writing R Extensions’ manual.
* checking sizes of PDF files under ‘inst/doc’ ... OK
* checking installed files from ‘inst/doc’ ... OK
* checking files in ‘vignettes’ ... OK
* checking examples ... OK
* checking for unstated dependencies in tests ... OK
* checking tests ... OK
  Running ‘doRUnit.R’
* checking for unstated dependencies in vignettes ... OK
* checking package vignettes in ‘inst/doc’ ... OK
* checking running R code from vignettes ... SKIPPED
* checking re-building of vignette outputs ... SKIPPED
WARNING: There was 1 warning.
NOTE: There were 3 notes.
