* using log directory ‘/private/tmp/RcppDepends/flowMatch.Rcheck’
* using R Under development (unstable) (2014-01-10 r64727)
* using platform: x86_64-apple-darwin13.0.0 (64-bit)
* using session charset: UTF-8
* using option ‘--no-vignettes’
* checking for file ‘flowMatch/DESCRIPTION’ ... OK
* checking extension type ... Package
* this is package ‘flowMatch’ version ‘0.99.1’
* checking package namespace information ... OK
* checking package dependencies ... NOTE
Package suggested but not available for checking: ‘healthyFlowData’
* checking if this is a source package ... OK
* checking if there is a namespace ... OK
* checking for executable files ... OK
* checking for hidden files and directories ... OK
* checking for portable file names ... OK
* checking for sufficient/correct file permissions ... OK
* checking whether package ‘flowMatch’ can be installed ... ERROR
Installation failed.
See ‘/private/tmp/RcppDepends/flowMatch.Rcheck/00install.out’ for details.
