Using library at path:
- "/private/tmp/RcppDepends/ddgraph.Rcheck"
* installing *source* package ‘ddgraph’ ...
** libs
clang++ -I/Library/Frameworks/R.framework/Resources/include -DNDEBUG  -I/usr/local/include -I"/Library/Frameworks/R.framework/Versions/3.1/Resources/library/Rcpp/include"   -fPIC  -g -O3 -march=native -pipe -Wall -pedantic -ftemplate-depth=999 -c mcX2cloop.cpp -o mcX2cloop.o
mcX2cloop.cpp:14:2: warning: unused label 'Rcpp' [-Wunused-label]
        Rcpp:NumericVector res(iB);
        ^~~~~
1 warning generated.
Using library at path:
- "/private/tmp/RcppDepends/ddgraph.Rcheck"
clang++ -dynamiclib -Wl,-headerpad_max_install_names -undefined dynamic_lookup -single_module -multiply_defined suppress -L/usr/local/lib -o ddgraph.so mcX2cloop.o -F/Library/Frameworks/R.framework/.. -framework R -Wl,-framework -Wl,CoreFoundation
Using library at path:
- "/private/tmp/RcppDepends/ddgraph.Rcheck"
installing to /private/tmp/RcppDepends/ddgraph.Rcheck/ddgraph/libs
** R
** data
** inst
** preparing package for lazy loading
** help
*** installing help indices
** building package indices
** installing vignettes
** testing if installed package can be loaded
Using library at path:
- "/private/tmp/RcppDepends/ddgraph.Rcheck"
* DONE (ddgraph)
