* using log directory ‘/private/tmp/RcppDepends/pcaMethods.Rcheck’
* using R Under development (unstable) (2014-01-10 r64727)
* using platform: x86_64-apple-darwin13.0.0 (64-bit)
* using session charset: UTF-8
* using option ‘--no-vignettes’
* checking for file ‘pcaMethods/DESCRIPTION’ ... OK
* this is package ‘pcaMethods’ version ‘1.53.1’
* checking package namespace information ... OK
* checking package dependencies ... NOTE
Package suggested but not available for checking: ‘matrixStats’
* checking if this is a source package ... OK
* checking if there is a namespace ... OK
* checking for executable files ... OK
* checking for hidden files and directories ... OK
* checking for portable file names ... OK
* checking for sufficient/correct file permissions ... OK
* checking whether package ‘pcaMethods’ can be installed ... OK
* checking installed package size ... OK
* checking package directory ... OK
* checking ‘build’ directory ... OK
* checking DESCRIPTION meta-information ... OK
* checking top-level files ... OK
* checking for left-over files ... OK
* checking index information ... OK
* checking package subdirectories ... OK
* checking R files for non-ASCII characters ... OK
* checking R files for syntax errors ... OK
* checking whether the package can be loaded ... OK
* checking whether the package can be loaded with stated dependencies ... OK
* checking whether the package can be unloaded cleanly ... OK
* checking whether the namespace can be loaded with stated dependencies ... OK
* checking whether the namespace can be unloaded cleanly ... OK
* checking loading without being on the library search path ... OK
* checking dependencies in R code ... NOTE
Namespace in Imports field not imported from: ‘BiocGenerics’
  All declared Imports should be used.
Packages in Depends field not imported from:
  ‘Biobase’ ‘Rcpp’
  These packages need to be imported from for the case when
  this namespace is loaded but not attached.
See the information on DESCRIPTION files in the chapter ‘Creating R
packages’ of the ‘Writing R Extensions’ manual.
* checking S3 generic/method consistency ... OK
* checking replacement functions ... OK
* checking foreign function calls ... OK
* checking R code for possible problems ... NOTE
robustSvd : L1RegCoef: no visible global function definition for
  ‘weightedMedian’
robustSvd : L1Eigen: no visible global function definition for
  ‘weightedMedian’
plot,pcaRes: no visible binding for global variable ‘y’
* checking Rd files ... OK
* checking Rd metadata ... OK
* checking Rd cross-references ... NOTE
Package unavailable to check Rd xrefs: ‘ade4’
* checking for missing documentation entries ... OK
* checking for code/documentation mismatches ... OK
* checking Rd \usage sections ... OK
* checking Rd contents ... OK
* checking for unstated dependencies in examples ... OK
* checking contents of ‘data’ directory ... OK
* checking data for non-ASCII characters ... OK
* checking data for ASCII and uncompressed saves ... OK
* checking line endings in C/C++/Fortran sources/headers ... OK
* checking line endings in Makefiles ... OK
* checking compilation flags in Makevars ... OK
* checking for portable use of $(BLAS_LIBS) and $(LAPACK_LIBS) ... OK
* checking compiled code ... OK
* checking sizes of PDF files under ‘inst/doc’ ... OK
* checking installed files from ‘inst/doc’ ... OK
* checking files in ‘vignettes’ ... OK
* checking examples ... ERROR
Running examples in ‘pcaMethods-Ex.R’ failed
The error most likely occurred in:

> ### Name: robustPca
> ### Title: PCA implementation based on robustSvd
> ### Aliases: robustPca
> ### Keywords: multivariate
> 
> ### ** Examples
> 
> ## Load a complete sample metabolite data set and mean center the data
> data(metaboliteDataComplete)
> mdc <- scale(metaboliteDataComplete, center=TRUE, scale=FALSE)
> ## Now create 5% of outliers.
> cond   <- runif(length(mdc)) < 0.05;
> mdcOut <- mdc
> mdcOut[cond] <- 10
> ## Now we do a conventional PCA and robustPca on the original and the data
> ## with outliers.
> ## We use center=FALSE here because the large artificial outliers would
> ## affect the means and not allow to objectively compare the results.
> resSvd    <- pca(mdc, method = "svd", nPcs = 10, center = FALSE)
> resSvdOut <- pca(mdcOut, method = "svd", nPcs = 10, center = FALSE)
> resRobPca <- pca(mdcOut, method = "robustPca", nPcs = 10, center = FALSE)
Warning in library(package, lib.loc = lib.loc, character.only = TRUE, logical.return = TRUE,  :
  there is no package called ‘matrixStats’
Error in robustSvd(Matrix) : 
  package matrixStats required but not available
Calls: pca -> robustPca -> robustSvd
Execution halted
