* installing *source* package ‘surveillance’ ...
** package ‘surveillance’ successfully unpacked and MD5 sums checked
** libs
clang++ -I/usr/local/lib/R/include -DNDEBUG  -I/usr/local/include -I"/usr/local/lib/R/library/Rcpp/include"   -fpic  -g -O3 -march=native -pipe -Wall -pedantic -ftemplate-depth=999 -c backproj.cc -o backproj.o
clang -I/usr/local/lib/R/include -DNDEBUG  -I/usr/local/include -I"/usr/local/lib/R/library/Rcpp/include"   -fpic  -g -O3 -march=native -pipe -std=gnu99 -Wall -pedantic -c ks.c -o ks.o
clang++ -I/usr/local/lib/R/include -DNDEBUG  -I/usr/local/include -I"/usr/local/lib/R/library/Rcpp/include"   -fpic  -g -O3 -march=native -pipe -Wall -pedantic -ftemplate-depth=999 -c stcd-assuncaocorrea.cc -o stcd-assuncaocorrea.o
clang -I/usr/local/lib/R/include -DNDEBUG  -I/usr/local/include -I"/usr/local/lib/R/library/Rcpp/include"   -fpic  -g -O3 -march=native -pipe -std=gnu99 -Wall -pedantic -c surveillance.c -o surveillance.o
clang++ -I/usr/local/lib/R/include -DNDEBUG  -I/usr/local/include -I"/usr/local/lib/R/library/Rcpp/include"   -fpic  -g -O3 -march=native -pipe -Wall -pedantic -ftemplate-depth=999 -c twins.cc -o twins.o
clang++ -shared -L/usr/local/lib -o surveillance.so backproj.o ks.o stcd-assuncaocorrea.o surveillance.o twins.o -L/usr/local/lib/R/lib -lR
installing to /home/kevin/RcppBiocChecks/surveillance.Rcheck/surveillance/libs
** R
** data
** demo
** inst
** preparing package for lazy loading
** help
*** installing help indices
** building package indices
** installing vignettes
** testing if installed package can be loaded
* DONE (surveillance)
