Using library at path:
- "/private/tmp/RcppDepends/DESeq2.Rcheck"
* installing *source* package ‘DESeq2’ ...
** libs
clang++ -I/Library/Frameworks/R.framework/Resources/include -DNDEBUG  -I/usr/local/include -I"/Library/Frameworks/R.framework/Versions/3.1/Resources/library/Rcpp/include" -I"/Library/Frameworks/R.framework/Versions/3.1/Resources/library/RcppArmadillo/include"   -fPIC  -g -O3 -march=native -pipe -Wall -pedantic -ftemplate-depth=999 -c DESeq2.cpp -o DESeq2.o
Using library at path:
- "/private/tmp/RcppDepends/DESeq2.Rcheck"
clang++ -dynamiclib -Wl,-headerpad_max_install_names -undefined dynamic_lookup -single_module -multiply_defined suppress -L/usr/local/lib -o DESeq2.so DESeq2.o -L/usr/local/opt/lapack/lib -llapack -L/usr/local/opt/openblas/lib -lopenblas -L/usr/local/Cellar/gfortran/4.8.2/gfortran/lib/gcc/x86_64-apple-darwin12.5.0/4.8.2 -L/usr/local/Cellar/gfortran/4.8.2/gfortran/lib -lgfortran -lquadmath -lm -F/Library/Frameworks/R.framework/.. -framework R -Wl,-framework -Wl,CoreFoundation
Using library at path:
- "/private/tmp/RcppDepends/DESeq2.Rcheck"
installing to /private/tmp/RcppDepends/DESeq2.Rcheck/DESeq2/libs
** R
** inst
** preparing package for lazy loading
** help
*** installing help indices
** building package indices
** installing vignettes
** testing if installed package can be loaded
Using library at path:
- "/private/tmp/RcppDepends/DESeq2.Rcheck"
* DONE (DESeq2)
