* installing *source* package ‘geiger’ ...
** package ‘geiger’ successfully unpacked and MD5 sums checked
** libs
clang -I/usr/local/lib/R/include -DNDEBUG  -I/usr/local/include -I"/usr/local/lib/R/library/Rcpp/include"   -fpic  -g -O3 -march=native -pipe -std=gnu99 -Wall -pedantic -c APE_reorder_phylo.c -o APE_reorder_phylo.o
clang++ -I/usr/local/lib/R/include -DNDEBUG  -I/usr/local/include -I"/usr/local/lib/R/library/Rcpp/include"  `/usr/local/lib/R/bin/Rscript -e "Rcpp:::CxxFlags()"` -fpic  -g -O3 -march=native -pipe -Wall -pedantic -ftemplate-depth=999 -c branches.cpp -o branches.o
clang -I/usr/local/lib/R/include -DNDEBUG  -I/usr/local/include -I"/usr/local/lib/R/library/Rcpp/include"   -fpic  -g -O3 -march=native -pipe -std=gnu99 -Wall -pedantic -c mkn.c -o mkn.o
clang -I/usr/local/lib/R/include -DNDEBUG  -I/usr/local/include -I"/usr/local/lib/R/library/Rcpp/include"   -fpic  -g -O3 -march=native -pipe -std=gnu99 -Wall -pedantic -c pic.c -o pic.o
clang -I/usr/local/lib/R/include -DNDEBUG  -I/usr/local/include -I"/usr/local/lib/R/library/Rcpp/include"   -fpic  -g -O3 -march=native -pipe -std=gnu99 -Wall -pedantic -c util.c -o util.o
clang++ -I/usr/local/lib/R/include -DNDEBUG  -I/usr/local/include -I"/usr/local/lib/R/library/Rcpp/include"  `/usr/local/lib/R/bin/Rscript -e "Rcpp:::CxxFlags()"` -fpic  -g -O3 -march=native -pipe -Wall -pedantic -ftemplate-depth=999 -c utilities.cpp -o utilities.o
clang++ -shared -L/usr/local/lib -o geiger.so APE_reorder_phylo.o branches.o mkn.o pic.o util.o utilities.o -L/usr/lib/openblas-base -lopenblas -lgfortran -lm -lquadmath -L/usr/local/lib/R/lib -L/usr/local/lib/R/lib -lR
installing to /home/kevin/RcppBiocChecks/geiger.Rcheck/geiger/libs
** R
** data
** inst
** preparing package for lazy loading
** help
*** installing help indices
** building package indices
** installing vignettes
** testing if installed package can be loaded
* DONE (geiger)
