* installing *source* package ‘diversitree’ ...
** package ‘diversitree’ successfully unpacked and MD5 sums checked
checking for gcc... clang
checking whether the C compiler works... yes
checking for C compiler default output file name... a.out
checking for suffix of executables... 
checking whether we are cross compiling... no
checking for suffix of object files... o
checking whether we are using the GNU C compiler... yes
checking whether clang accepts -g... yes
checking for clang option to accept ISO C89... none needed
checking how to run the C preprocessor... clang -E
checking for grep that handles long lines and -e... /bin/grep
checking for egrep... /bin/grep -E
checking for ANSI C header files... yes
checking for sys/types.h... yes
checking for sys/stat.h... yes
checking for stdlib.h... yes
checking for string.h... yes
checking for memory.h... yes
checking for strings.h... yes
checking for inttypes.h... yes
checking for stdint.h... yes
checking for unistd.h... yes
checking fftw3.h usability... yes
checking fftw3.h presence... yes
checking for fftw3.h... yes
Using fftw for QuaSSE FFT calculations
checking for gsl-config... /usr/bin/gsl-config
checking if GSL version >= 1.12... yes
configure: creating ./config.status
config.status: creating src/Makevars
config.status: creating src/config.h
** libs
clang++ -I/usr/local/lib/R/include -DNDEBUG -I. -I/usr/include -I/usr/local/include -I"/usr/local/lib/R/library/Rcpp/include"   -fpic  -g -O3 -march=native -pipe -Wall -pedantic -ftemplate-depth=999 -c GslOdeBase.cpp -o GslOdeBase.o
clang++ -I/usr/local/lib/R/include -DNDEBUG -I. -I/usr/include -I/usr/local/include -I"/usr/local/lib/R/library/Rcpp/include"   -fpic  -g -O3 -march=native -pipe -Wall -pedantic -ftemplate-depth=999 -c GslOdeCompiled.cpp -o GslOdeCompiled.o
clang++ -I/usr/local/lib/R/include -DNDEBUG -I. -I/usr/include -I/usr/local/include -I"/usr/local/lib/R/library/Rcpp/include"   -fpic  -g -O3 -march=native -pipe -Wall -pedantic -ftemplate-depth=999 -c GslOdeR.cpp -o GslOdeR.o
clang++ -I/usr/local/lib/R/include -DNDEBUG -I. -I/usr/include -I/usr/local/include -I"/usr/local/lib/R/library/Rcpp/include"   -fpic  -g -O3 -march=native -pipe -Wall -pedantic -ftemplate-depth=999 -c GslOdeTime.cpp -o GslOdeTime.o
clang++ -I/usr/local/lib/R/include -DNDEBUG -I. -I/usr/include -I/usr/local/include -I"/usr/local/lib/R/library/Rcpp/include"   -fpic  -g -O3 -march=native -pipe -Wall -pedantic -ftemplate-depth=999 -c Spline.cpp -o Spline.o
clang++ -I/usr/local/lib/R/include -DNDEBUG -I. -I/usr/include -I/usr/local/include -I"/usr/local/lib/R/library/Rcpp/include"   -fpic  -g -O3 -march=native -pipe -Wall -pedantic -ftemplate-depth=999 -c TimeMachine.cpp -o TimeMachine.o
clang -I/usr/local/lib/R/include -DNDEBUG -I. -I/usr/include -I/usr/local/include -I"/usr/local/lib/R/library/Rcpp/include"   -fpic  -g -O3 -march=native -pipe -std=gnu99 -Wall -pedantic -c asr-joint.c -o asr-joint.o
clang -I/usr/local/lib/R/include -DNDEBUG -I. -I/usr/include -I/usr/local/include -I"/usr/local/lib/R/library/Rcpp/include"   -fpic  -g -O3 -march=native -pipe -std=gnu99 -Wall -pedantic -c bd-eqs.c -o bd-eqs.o
clang -I/usr/local/lib/R/include -DNDEBUG -I. -I/usr/include -I/usr/local/include -I"/usr/local/lib/R/library/Rcpp/include"   -fpic  -g -O3 -march=native -pipe -std=gnu99 -Wall -pedantic -c bisse-eqs.c -o bisse-eqs.o
clang -I/usr/local/lib/R/include -DNDEBUG -I. -I/usr/include -I/usr/local/include -I"/usr/local/lib/R/library/Rcpp/include"   -fpic  -g -O3 -march=native -pipe -std=gnu99 -Wall -pedantic -c bisseness-eqs.c -o bisseness-eqs.o
gfortran   -fpic  -g -O3 -c bucexp.f -o bucexp.o
clang -I/usr/local/lib/R/include -DNDEBUG -I. -I/usr/include -I/usr/local/include -I"/usr/local/lib/R/library/Rcpp/include"   -fpic  -g -O3 -march=native -pipe -std=gnu99 -Wall -pedantic -c classe-eqs.c -o classe-eqs.o
clang -I/usr/local/lib/R/include -DNDEBUG -I. -I/usr/include -I/usr/local/include -I"/usr/local/lib/R/library/Rcpp/include"   -fpic  -g -O3 -march=native -pipe -std=gnu99 -Wall -pedantic -c continuous.c -o continuous.o
clang -I/usr/local/lib/R/include -DNDEBUG -I. -I/usr/include -I/usr/local/include -I"/usr/local/lib/R/library/Rcpp/include"   -fpic  -g -O3 -march=native -pipe -std=gnu99 -Wall -pedantic -c derivs.c -o derivs.o
gfortran   -fpic  -g -O3 -c dgcoov.f -o dgcoov.o
gfortran   -fpic  -g -O3 -c dgexpvi.f -o dgexpvi.o
gfortran   -fpic  -g -O3 -c dgpadm.f -o dgpadm.o
gfortran   -fpic  -g -O3 -c dmexpv.f -o dmexpv.o
gfortran   -fpic  -g -O3 -c dnchbv.f -o dnchbv.o
gfortran   -fpic  -g -O3 -c dsexpv.f -o dsexpv.o
gfortran   -fpic  -g -O3 -c dsexpvi.f -o dsexpvi.o
gfortran   -fpic  -g -O3 -c expm.f -o expm.o
clang -I/usr/local/lib/R/include -DNDEBUG -I. -I/usr/include -I/usr/local/include -I"/usr/local/lib/R/library/Rcpp/include"   -fpic  -g -O3 -march=native -pipe -std=gnu99 -Wall -pedantic -c geosse-eqs.c -o geosse-eqs.o
clang -I/usr/local/lib/R/include -DNDEBUG -I. -I/usr/include -I/usr/local/include -I"/usr/local/lib/R/library/Rcpp/include"   -fpic  -g -O3 -march=native -pipe -std=gnu99 -Wall -pedantic -c hdr.c -o hdr.o
gfortran   -fpic  -g -O3 -c hyperg.f -o hyperg.o
clang++ -I/usr/local/lib/R/include -DNDEBUG -I. -I/usr/include -I/usr/local/include -I"/usr/local/lib/R/library/Rcpp/include"   -fpic  -g -O3 -march=native -pipe -Wall -pedantic -ftemplate-depth=999 -c interface.cpp -o interface.o
clang -I/usr/local/lib/R/include -DNDEBUG -I. -I/usr/include -I/usr/local/include -I"/usr/local/lib/R/library/Rcpp/include"   -fpic  -g -O3 -march=native -pipe -std=gnu99 -Wall -pedantic -c mkn-eqs.c -o mkn-eqs.o
clang -I/usr/local/lib/R/include -DNDEBUG -I. -I/usr/include -I/usr/local/include -I"/usr/local/lib/R/library/Rcpp/include"   -fpic  -g -O3 -march=native -pipe -std=gnu99 -Wall -pedantic -c mkn-expokit.c -o mkn-expokit.o
clang -I/usr/local/lib/R/include -DNDEBUG -I. -I/usr/include -I/usr/local/include -I"/usr/local/lib/R/library/Rcpp/include"   -fpic  -g -O3 -march=native -pipe -std=gnu99 -Wall -pedantic -c mkn-meristic-eqs.c -o mkn-meristic-eqs.o
clang -I/usr/local/lib/R/include -DNDEBUG -I. -I/usr/include -I/usr/local/include -I"/usr/local/lib/R/library/Rcpp/include"   -fpic  -g -O3 -march=native -pipe -std=gnu99 -Wall -pedantic -c mkn-pij.c -o mkn-pij.o
clang -I/usr/local/lib/R/include -DNDEBUG -I. -I/usr/include -I/usr/local/include -I"/usr/local/lib/R/library/Rcpp/include"   -fpic  -g -O3 -march=native -pipe -std=gnu99 -Wall -pedantic -c musse-eqs.c -o musse-eqs.o
gfortran   -fpic  -g -O3 -c nucexp.f -o nucexp.o
clang -I/usr/local/lib/R/include -DNDEBUG -I. -I/usr/include -I/usr/local/include -I"/usr/local/lib/R/library/Rcpp/include"   -fpic  -g -O3 -march=native -pipe -std=gnu99 -Wall -pedantic -c quasse-eqs-fftC.c -o quasse-eqs-fftC.o
clang -I/usr/local/lib/R/include -DNDEBUG -I. -I/usr/include -I/usr/local/include -I"/usr/local/lib/R/library/Rcpp/include"   -fpic  -g -O3 -march=native -pipe -std=gnu99 -Wall -pedantic -c quasse-eqs-mol.c -o quasse-eqs-mol.o
clang -I/usr/local/lib/R/include -DNDEBUG -I. -I/usr/include -I/usr/local/include -I"/usr/local/lib/R/library/Rcpp/include"   -fpic  -g -O3 -march=native -pipe -std=gnu99 -Wall -pedantic -c rfftw.c -o rfftw.o
clang -I/usr/local/lib/R/include -DNDEBUG -I. -I/usr/include -I/usr/local/include -I"/usr/local/lib/R/library/Rcpp/include"   -fpic  -g -O3 -march=native -pipe -std=gnu99 -Wall -pedantic -c scm-mkn.c -o scm-mkn.o
clang -I/usr/local/lib/R/include -DNDEBUG -I. -I/usr/include -I/usr/local/include -I"/usr/local/lib/R/library/Rcpp/include"   -fpic  -g -O3 -march=native -pipe -std=gnu99 -Wall -pedantic -c simulate-bisse.c -o simulate-bisse.o
clang -I/usr/local/lib/R/include -DNDEBUG -I. -I/usr/include -I/usr/local/include -I"/usr/local/lib/R/library/Rcpp/include"   -fpic  -g -O3 -march=native -pipe -std=gnu99 -Wall -pedantic -c util-matrix.c -o util-matrix.o
clang -I/usr/local/lib/R/include -DNDEBUG -I. -I/usr/include -I/usr/local/include -I"/usr/local/lib/R/library/Rcpp/include"   -fpic  -g -O3 -march=native -pipe -std=gnu99 -Wall -pedantic -c util-splines.c -o util-splines.o
clang -I/usr/local/lib/R/include -DNDEBUG -I. -I/usr/include -I/usr/local/include -I"/usr/local/lib/R/library/Rcpp/include"   -fpic  -g -O3 -march=native -pipe -std=gnu99 -Wall -pedantic -c util.c -o util.o
clang++ -shared -L/usr/local/lib -o diversitree.so GslOdeBase.o GslOdeCompiled.o GslOdeR.o GslOdeTime.o Spline.o TimeMachine.o asr-joint.o bd-eqs.o bisse-eqs.o bisseness-eqs.o bucexp.o classe-eqs.o continuous.o derivs.o dgcoov.o dgexpvi.o dgpadm.o dmexpv.o dnchbv.o dsexpv.o dsexpvi.o expm.o geosse-eqs.o hdr.o hyperg.o interface.o mkn-eqs.o mkn-expokit.o mkn-meristic-eqs.o mkn-pij.o musse-eqs.o nucexp.o quasse-eqs-fftC.o quasse-eqs-mol.o rfftw.o scm-mkn.o simulate-bisse.o util-matrix.o util-splines.o util.o -lfftw3 -L/usr/lib/lapack -llapack -L/usr/lib/openblas-base -lopenblas -lgfortran -lm -lquadmath -L/usr/lib -lgsl -lgslcblas -lm -lgfortran -lm -lquadmath -L/usr/local/lib/R/lib -lR
installing to /home/kevin/RcppBiocChecks/diversitree.Rcheck/diversitree/libs
** R
** inst
** preparing package for lazy loading
** help
*** installing help indices
** building package indices
** testing if installed package can be loaded
* DONE (diversitree)
