* using log directory ‘/home/kevin/RcppBiocChecks/MSstats.Rcheck’
* using R Under development (unstable) (2014-01-16 r64804)
* using platform: x86_64-unknown-linux-gnu (64-bit)
* using session charset: UTF-8
* using option ‘--no-vignettes’
* checking for file ‘MSstats/DESCRIPTION’ ... OK
* this is package ‘MSstats’ version ‘2.1.3’
* checking package namespace information ... OK
* checking package dependencies ... OK
* checking if this is a source package ... OK
* checking if there is a namespace ... OK
* checking for executable files ... OK
* checking for hidden files and directories ... OK
* checking for portable file names ... OK
* checking for sufficient/correct file permissions ... OK
* checking whether package ‘MSstats’ can be installed ... WARNING
Found the following significant warnings:
  Warning: replacing previous import by ‘ggplot2::fortify’ when loading ‘MSstats’
See ‘/home/kevin/RcppBiocChecks/MSstats.Rcheck/00install.out’ for details.
* checking installed package size ... OK
* checking package directory ... OK
* checking ‘build’ directory ... OK
* checking DESCRIPTION meta-information ... OK
* checking top-level files ... OK
* checking for left-over files ... OK
* checking index information ... OK
* checking package subdirectories ... OK
* checking R files for non-ASCII characters ... OK
* checking R files for syntax errors ... OK
* checking whether the package can be loaded ... OK
* checking whether the package can be loaded with stated dependencies ... OK
* checking whether the package can be unloaded cleanly ... OK
* checking whether the namespace can be loaded with stated dependencies ... OK
* checking whether the namespace can be unloaded cleanly ... OK
* checking loading without being on the library search path ... OK
* checking dependencies in R code ... OK
* checking S3 generic/method consistency ... OK
* checking replacement functions ... OK
* checking foreign function calls ... OK
* checking R code for possible problems ... NOTE
.fit.model: no visible binding for global variable ‘LABEL’
.fit.model.single: no visible binding for global variable ‘i’
.fit.model.single: no visible binding for global variable ‘LABEL’
.iter.wls.fit.model: no visible binding for global variable ‘weight’
dataProcess: no visible binding for global variable ‘LABEL’
dataProcessPlots: no visible binding for global variable ‘LABEL’
groupComparisonPlots: no visible binding for global variable ‘logFC’
groupComparisonPlots: no visible binding for global variable ‘ciw’
* checking Rd files ... OK
* checking Rd metadata ... OK
* checking Rd cross-references ... OK
* checking for missing documentation entries ... OK
* checking for code/documentation mismatches ... OK
* checking Rd \usage sections ... OK
* checking Rd contents ... OK
* checking for unstated dependencies in examples ... OK
* checking contents of ‘data’ directory ... OK
* checking data for non-ASCII characters ... OK
* checking data for ASCII and uncompressed saves ... OK
* checking sizes of PDF files under ‘inst/doc’ ... NOTE
  ‘qpdf’ made some significant size reductions:
     compacted ‘MSstats.pdf’ from 1.3Mb to 1.0Mb
  consider running tools::compactPDF() on these files
* checking installed files from ‘inst/doc’ ... OK
* checking files in ‘vignettes’ ... OK
* checking examples ... OK
* checking for unstated dependencies in vignettes ... OK
* checking package vignettes in ‘inst/doc’ ... OK
* checking running R code from vignettes ... SKIPPED
* checking re-building of vignette outputs ... SKIPPED
WARNING: There was 1 warning.
NOTE: There were 2 notes.
See
  ‘/home/kevin/RcppBiocChecks/MSstats.Rcheck/00check.log’
for details.
