* installing *source* package ‘GRENITS’ ...
** libs
clang++ -I/usr/local/lib/R/include -DNDEBUG  -I/usr/local/include -I"/usr/local/lib/R/library/Rcpp/include" -I"/home/kevin/RcppBiocChecks/libs/RcppArmadillo/include"   -fpic  -g -O3 -march=native -pipe -Wall -pedantic -ftemplate-depth=999 -c AR1_Gauss_biocond.cc -o AR1_Gauss_biocond.o
AR1_Gauss_biocond.cc:49:30: warning: unused variable 'numDiag' [-Wunused-variable]
  int           num_fixedON, numDiag, p_sqr, free_gammas;
                             ^
1 warning generated.
clang++ -I/usr/local/lib/R/include -DNDEBUG  -I/usr/local/include -I"/usr/local/lib/R/library/Rcpp/include" -I"/home/kevin/RcppBiocChecks/libs/RcppArmadillo/include"   -fpic  -g -O3 -march=native -pipe -Wall -pedantic -ftemplate-depth=999 -c AR1_Student_biocond.cc -o AR1_Student_biocond.o
AR1_Student_biocond.cc:49:30: warning: unused variable 'numDiag' [-Wunused-variable]
  int           num_fixedON, numDiag, p_sqr, free_gammas;
                             ^
1 warning generated.
clang++ -I/usr/local/lib/R/include -DNDEBUG  -I/usr/local/include -I"/usr/local/lib/R/library/Rcpp/include" -I"/home/kevin/RcppBiocChecks/libs/RcppArmadillo/include"   -fpic  -g -O3 -march=native -pipe -Wall -pedantic -ftemplate-depth=999 -c AR1_biocond.cc -o AR1_biocond.o
AR1_biocond.cc:48:30: warning: unused variable 'numDiag' [-Wunused-variable]
  int           num_fixedON, numDiag, p_sqr, free_gammas;
                             ^
1 warning generated.
clang++ -I/usr/local/lib/R/include -DNDEBUG  -I/usr/local/include -I"/usr/local/lib/R/library/Rcpp/include" -I"/home/kevin/RcppBiocChecks/libs/RcppArmadillo/include"   -fpic  -g -O3 -march=native -pipe -Wall -pedantic -ftemplate-depth=999 -c PSplines_biocond.cc -o PSplines_biocond.o
PSplines_biocond.cc:45:63: warning: unused variable 'numDiag' [-Wunused-variable]
  int                 num_fixedON, nodesSpline, degreeSpline, numDiag, free_gammas;
                                                              ^
1 warning generated.
clang++ -I/usr/local/lib/R/include -DNDEBUG  -I/usr/local/include -I"/usr/local/lib/R/library/Rcpp/include" -I"/home/kevin/RcppBiocChecks/libs/RcppArmadillo/include"   -fpic  -g -O3 -march=native -pipe -Wall -pedantic -ftemplate-depth=999 -c R_C_interface.cpp -o R_C_interface.o
clang++ -I/usr/local/lib/R/include -DNDEBUG  -I/usr/local/include -I"/usr/local/lib/R/library/Rcpp/include" -I"/home/kevin/RcppBiocChecks/libs/RcppArmadillo/include"   -fpic  -g -O3 -march=native -pipe -Wall -pedantic -ftemplate-depth=999 -c ReadMCMCFiles.cpp -o ReadMCMCFiles.o
clang++ -I/usr/local/lib/R/include -DNDEBUG  -I/usr/local/include -I"/usr/local/lib/R/library/Rcpp/include" -I"/home/kevin/RcppBiocChecks/libs/RcppArmadillo/include"   -fpic  -g -O3 -march=native -pipe -Wall -pedantic -ftemplate-depth=999 -c commonFunctions.cc -o commonFunctions.o
commonFunctions.cc:440:59: warning: unused variable 'num_on' [-Wunused-variable]
  unsigned int                                            num_on;
                                                          ^
commonFunctions.cc:482:59: warning: unused variable 'num_on' [-Wunused-variable]
  unsigned int                                            num_on;
                                                          ^
2 warnings generated.
clang++ -I/usr/local/lib/R/include -DNDEBUG  -I/usr/local/include -I"/usr/local/lib/R/library/Rcpp/include" -I"/home/kevin/RcppBiocChecks/libs/RcppArmadillo/include"   -fpic  -g -O3 -march=native -pipe -Wall -pedantic -ftemplate-depth=999 -c functionsErrorModel.cc -o functionsErrorModel.o
clang++ -I/usr/local/lib/R/include -DNDEBUG  -I/usr/local/include -I"/usr/local/lib/R/library/Rcpp/include" -I"/home/kevin/RcppBiocChecks/libs/RcppArmadillo/include"   -fpic  -g -O3 -march=native -pipe -Wall -pedantic -ftemplate-depth=999 -c matrixManipulationFunctions.cc -o matrixManipulationFunctions.o
clang++ -I/usr/local/lib/R/include -DNDEBUG  -I/usr/local/include -I"/usr/local/lib/R/library/Rcpp/include" -I"/home/kevin/RcppBiocChecks/libs/RcppArmadillo/include"   -fpic  -g -O3 -march=native -pipe -Wall -pedantic -ftemplate-depth=999 -c updateFunctions_AR1.cc -o updateFunctions_AR1.o
updateFunctions_AR1.cc:264:59: warning: unused variable 'num_on' [-Wunused-variable]
  unsigned int                                            num_on;  
                                                          ^
1 warning generated.
clang++ -I/usr/local/lib/R/include -DNDEBUG  -I/usr/local/include -I"/usr/local/lib/R/library/Rcpp/include" -I"/home/kevin/RcppBiocChecks/libs/RcppArmadillo/include"   -fpic  -g -O3 -march=native -pipe -Wall -pedantic -ftemplate-depth=999 -c updateFunctions_Splines.cc -o updateFunctions_Splines.o
clang++ -shared -L/usr/local/lib -o GRENITS.so AR1_Gauss_biocond.o AR1_Student_biocond.o AR1_biocond.o PSplines_biocond.o R_C_interface.o ReadMCMCFiles.o commonFunctions.o functionsErrorModel.o matrixManipulationFunctions.o updateFunctions_AR1.o updateFunctions_Splines.o -L/usr/lib/lapack -llapack -L/usr/lib/openblas-base -lopenblas -lgfortran -lm -lquadmath -L/usr/local/lib/R/lib -lR
installing to /home/kevin/RcppBiocChecks/GRENITS.Rcheck/GRENITS/libs
** R
** data
** inst
** preparing package for lazy loading
** help
*** installing help indices
** building package indices
** installing vignettes
** testing if installed package can be loaded
* DONE (GRENITS)
