* using log directory ‘/home/kevin/RcppBiocChecks/GOsummaries.Rcheck’
* using R Under development (unstable) (2014-01-16 r64804)
* using platform: x86_64-unknown-linux-gnu (64-bit)
* using session charset: UTF-8
* using option ‘--no-vignettes’
* checking for file ‘GOsummaries/DESCRIPTION’ ... OK
* this is package ‘GOsummaries’ version ‘1.0’
* checking package namespace information ... OK
* checking package dependencies ... OK
* checking if this is a source package ... OK
* checking if there is a namespace ... OK
* checking for executable files ... OK
* checking for hidden files and directories ... OK
* checking for portable file names ... OK
* checking for sufficient/correct file permissions ... OK
* checking whether package ‘GOsummaries’ can be installed ... OK
* checking installed package size ... OK
* checking package directory ... OK
* checking DESCRIPTION meta-information ... OK
* checking top-level files ... OK
* checking for left-over files ... OK
* checking index information ... OK
* checking package subdirectories ... OK
* checking R files for non-ASCII characters ... OK
* checking R files for syntax errors ... OK
* checking whether the package can be loaded ... OK
* checking whether the package can be loaded with stated dependencies ... OK
* checking whether the package can be unloaded cleanly ... OK
* checking whether the namespace can be loaded with stated dependencies ... OK
* checking whether the namespace can be unloaded cleanly ... OK
* checking dependencies in R code ... NOTE
Package in Depends field not imported from: ‘Rcpp’
  These packages need to be imported from for the case when
  this namespace is loaded but not attached.
See the information on DESCRIPTION files in the chapter ‘Creating R
packages’ of the ‘Writing R Extensions’ manual.
* checking S3 generic/method consistency ... OK
* checking replacement functions ... OK
* checking foreign function calls ... OK
* checking R code for possible problems ... OK
* checking Rd files ... OK
* checking Rd metadata ... OK
* checking Rd cross-references ... OK
* checking for missing documentation entries ... OK
* checking for code/documentation mismatches ... OK
* checking Rd \usage sections ... OK
* checking Rd contents ... OK
* checking for unstated dependencies in examples ... OK
* checking contents of ‘data’ directory ... OK
* checking data for non-ASCII characters ... OK
* checking data for ASCII and uncompressed saves ... OK
* checking line endings in C/C++/Fortran sources/headers ... OK
* checking line endings in Makefiles ... OK
* checking compilation flags in Makevars ... OK
* checking for portable use of $(BLAS_LIBS) and $(LAPACK_LIBS) ... OK
* checking compiled code ... OK
* checking sizes of PDF files under ‘inst/doc’ ... OK
* checking installed files from ‘inst/doc’ ... OK
* checking for old-style vignette sources ... NOTE
Vignette sources only in ‘inst/doc’:
  ‘GOsummaries-basics.Rnw’
A ‘vignettes’ directory is required as from R 3.1.0
and these will not be indexed nor checked
* checking examples ... OK
NOTE: There were 2 notes.
See
  ‘/home/kevin/RcppBiocChecks/GOsummaries.Rcheck/00check.log’
for details.
